2024-01-27 09:28:20.993 [info] (Client) Pylance async client (2023.12.1) started with python extension (2023.22.1)
2024-01-27 09:28:22.351 [info] [Info  - 9:28:22 AM] (343284) Pylance language server 2023.12.1 (pyright a78e2b10) starting
2024-01-27 09:28:22.354 [info] [Info  - 9:28:22 AM] (343284) Server root directory: /home/sebastian/.vscode/extensions/ms-python.vscode-pylance-2023.12.1/dist
2024-01-27 09:28:22.483 [info] [Info  - 9:28:22 AM] (343284) Starting service instance "<default>"
2024-01-27 09:28:22.554 [info] [Info  - 9:28:22 AM] (343284) Setting environmentName for service "<default>": "3.11.6 (global)"
2024-01-27 09:28:23.058 [info] [Info  - 9:28:23 AM] (343284) No source files found.
2024-01-27 09:28:27.416 [info] [Info  - 9:28:27 AM] (343284) [BG(1)] Long operation: getSemanticTokens full at /home/sebastian/Documents/University/Semesters/Semester 5/Machine Learning/Task/Logistic Regression/regresion_logistica_better.ipynb#X16sZmlsZQ==.py (2500ms)
2024-01-27 09:28:34.219 [info] [Info  - 9:28:34 AM] (343284) Starting service instance "<default>"
2024-01-27 09:28:34.393 [info] [Info  - 9:28:34 AM] (343284) Setting pythonPath for service "<default>": "/home/sebastian/miniconda3/envs/MachineLearning/bin/python"
2024-01-27 09:28:34.394 [info] [Info  - 9:28:34 AM] (343284) Setting environmentName for service "<default>": "3.11.6 (global)"
2024-01-27 09:28:34.539 [info] [Info  - 9:28:34 AM] (343284) Assuming Python version 3.11
2024-01-27 09:28:34.735 [info] [Info  - 9:28:34 AM] (343284) No source files found.
2024-01-27 09:28:42.573 [info] [Info  - 9:28:42 AM] (343284) [BG(2)] Long operation: checking: /home/sebastian/Documents/University/Semesters/Semester 5/Machine Learning/Task/Logistic Regression/regresion_logistica_better.ipynb#Y156sZmlsZQ==.py (5561ms)
2024-01-27 09:28:42.577 [info] [Info  - 9:28:42 AM] (343284) [BG(2)] Long operation: analyzing: /home/sebastian/Documents/University/Semesters/Semester 5/Machine Learning/Task/Logistic Regression/regresion_logistica_better.ipynb#Y156sZmlsZQ==.py (6576ms)
2024-01-27 09:28:45.162 [info] [Info  - 9:28:45 AM] (343284) [BG(2)] Long operation: analyzing: /home/sebastian/Documents/University/Semesters/Semester 5/Machine Learning/Task/Logistic Regression/regresion_logistica_better.ipynb#pylancePrefixCell.py (9189ms)
2024-01-27 09:29:08.579 [info] [Info  - 9:29:08 AM] (343284) [BG(2)] Long operation: checking: /home/sebastian/Documents/University/Semesters/Semester 5/Machine Learning/Task/Logistic Regression/regresion_logistica_better.ipynb#Y156sZmlsZQ==.py (2114ms)
2024-01-27 09:29:08.580 [info] [Info  - 9:29:08 AM] (343284) [BG(2)] Long operation: analyzing: /home/sebastian/Documents/University/Semesters/Semester 5/Machine Learning/Task/Logistic Regression/regresion_logistica_better.ipynb#Y156sZmlsZQ==.py (2136ms)
2024-01-27 09:29:09.009 [info] [Info  - 9:29:09 AM] (343284) [BG(2)] Long operation: analyzing: /home/sebastian/Documents/University/Semesters/Semester 5/Machine Learning/Task/Logistic Regression/regresion_logistica_better.ipynb#pylancePrefixCell.py (2569ms)
2024-01-27 09:29:15.807 [info] [Info  - 9:29:15 AM] (343284) Starting service instance "<default>"
2024-01-27 09:29:16.086 [info] [Info  - 9:29:16 AM] (343284) Setting pythonPath for service "<default>": "/bin/python"
2024-01-27 09:29:16.087 [info] [Info  - 9:29:16 AM] (343284) Setting environmentName for service "<default>": "3.11.6 (global)"
2024-01-27 09:29:16.179 [info] [Info  - 9:29:16 AM] (343284) Assuming Python version 3.11
2024-01-27 09:29:16.427 [info] [Info  - 9:29:16 AM] (343284) No source files found.
