2024-01-27 09:26:31.797 [info] Added views:workbench.panel.markers.view in workbench.panel.markers
2024-01-27 09:26:31.797 [info] Added views:workbench.panel.output in workbench.panel.output
2024-01-27 09:26:31.797 [info] Added views:terminal in terminal
2024-01-27 09:26:31.797 [info] Added views:outline in workbench.view.explorer
2024-01-27 09:26:31.797 [info] Added views:workbench.scm in workbench.view.scm
2024-01-27 09:26:31.797 [info] Added views:workbench.view.search in workbench.view.search
2024-01-27 09:26:31.797 [info] Added views:timeline in workbench.view.explorer
2024-01-27 09:26:31.797 [info] Added views:workbench.explorer.emptyView in workbench.view.explorer
2024-01-27 09:26:33.276 [info] Added views:workbench.debug.variablesView,workbench.debug.watchExpressionsView,workbench.debug.callStackView,workbench.debug.breakPointsView in workbench.view.debug
2024-01-27 09:26:33.831 [info] Added views:workbench.panel.repl.view in workbench.panel.repl
2024-01-27 09:26:33.835 [info] Removed views:workbench.debug.breakPointsView,workbench.debug.callStackView,workbench.debug.watchExpressionsView,workbench.debug.variablesView from workbench.view.debug
2024-01-27 09:26:33.838 [info] Added views:workbench.debug.welcome in workbench.view.debug
2024-01-27 09:26:34.054 [info] Added views:~remote.forwardedPorts in ~remote.forwardedPortsContainer
2024-01-27 09:27:23.254 [info] Added views:workbench.views.extensions.installed,workbench.views.extensions.popular,extensions.recommendedList in workbench.view.extensions
2024-01-27 09:27:23.261 [info] Removed views:workbench.views.extensions.popular from workbench.view.extensions
2024-01-27 09:27:24.115 [info] Added views:workbench.views.extensions.popular in workbench.view.extensions
2024-01-27 09:27:28.215 [info] Removed views:extensions.recommendedList,workbench.views.extensions.popular,workbench.views.extensions.installed from workbench.view.extensions
2024-01-27 09:27:28.244 [info] Added views:workbench.views.extensions.marketplace in workbench.view.extensions
2024-01-27 09:28:04.866 [info] Added views:jupyterViewVariables,cell-tag in workbench.view.extension.jupyter-variables
2024-01-27 09:28:15.805 [info] Added views:workbench.view.testing in workbench.view.extension.test
2024-01-27 09:29:58.542 [info] Added views:workbench.debug.breakPointsView in workbench.view.debug
2024-01-27 09:29:59.513 [info] Removed views:workbench.debug.welcome from workbench.view.debug
2024-01-27 09:29:59.518 [info] Added views:workbench.debug.variablesView,workbench.debug.watchExpressionsView,workbench.debug.callStackView in workbench.view.debug
2024-01-27 09:30:03.030 [info] Removed views:workbench.debug.callStackView,workbench.debug.watchExpressionsView,workbench.debug.variablesView from workbench.view.debug
2024-01-27 09:30:03.033 [info] Added views:workbench.debug.welcome in workbench.view.debug
2024-01-27 09:31:15.793 [info] Removed views:workbench.view.testing from workbench.view.extension.test
