2024-01-27 09:26:33.512 [info] Extension host with pid 341180 started
2024-01-27 09:26:33.853 [info] ExtensionService#_doActivateExtension vscode.git-base, startup: true, activationEvent: '*', root cause: vscode.git
2024-01-27 09:26:33.981 [info] ExtensionService#_doActivateExtension vscode.git, startup: true, activationEvent: '*'
2024-01-27 09:26:34.153 [info] ExtensionService#_doActivateExtension vscode.github, startup: true, activationEvent: '*'
2024-01-27 09:26:34.804 [info] Eager extensions activated
2024-01-27 09:26:34.901 [info] ExtensionService#_doActivateExtension vscode.debug-auto-launch, startup: false, activationEvent: 'onStartupFinished'
2024-01-27 09:26:34.911 [info] ExtensionService#_doActivateExtension vscode.merge-conflict, startup: false, activationEvent: 'onStartupFinished'
2024-01-27 09:26:37.910 [info] ExtensionService#_doActivateExtension vscode.json-language-features, startup: false, activationEvent: 'onLanguage:jsonc'
2024-01-27 09:26:38.083 [info] ExtensionService#_doActivateExtension vscode.typescript-language-features, startup: false, activationEvent: 'onLanguage:jsonc'
2024-01-27 09:26:38.211 [info] ExtensionService#_doActivateExtension vscode.emmet, startup: false, activationEvent: 'onLanguage'
2024-01-27 09:27:00.747 [info] ExtensionService#_doActivateExtension vscode.ipynb, startup: false, activationEvent: 'onNotebookSerializer:jupyter-notebook'
2024-01-27 09:27:11.900 [info] ExtensionService#_doActivateExtension vscode.extension-editing, startup: false, activationEvent: 'onLanguage:markdown'
2024-01-27 09:27:11.959 [info] ExtensionService#_doActivateExtension vscode.markdown-language-features, startup: false, activationEvent: 'onLanguage:markdown'
2024-01-27 09:27:13.221 [info] ExtensionService#_doActivateExtension vscode.markdown-math, startup: false, activationEvent: 'api', root cause: vscode.markdown-language-features
2024-01-27 09:28:02.692 [info] ExtensionService#_doActivateExtension ms-toolsai.vscode-jupyter-cell-tags, startup: false, activationEvent: 'onNotebook:jupyter-notebook'
2024-01-27 09:28:02.744 [info] ExtensionService#_doActivateExtension ms-toolsai.vscode-jupyter-slideshow, startup: false, activationEvent: 'onNotebook:jupyter-notebook'
2024-01-27 09:28:02.757 [info] ExtensionService#_doActivateExtension ms-toolsai.jupyter-renderers, startup: false, activationEvent: 'onNotebook:*'
2024-01-27 09:28:02.766 [info] ExtensionService#_doActivateExtension ms-toolsai.jupyter, startup: false, activationEvent: 'onLanguage:python'
2024-01-27 09:28:14.695 [info] ExtensionService#_doActivateExtension ms-python.python, startup: false, activationEvent: 'api', root cause: ms-toolsai.jupyter
2024-01-27 09:28:15.873 [info] ExtensionService#_doActivateExtension ms-python.vscode-pylance, startup: false, activationEvent: 'onLanguage:python'
2024-01-27 09:29:35.734 [error] [ms-python.python] provider FAILED
2024-01-27 09:29:35.745 [error] TypeError: Cannot read properties of undefined (reading 'data')
	at /home/sebastian/.vscode/extensions/ms-python.vscode-pylance-2023.12.1/dist/extension.bundle.js:1:139734
	at _0x1be708 (/home/sebastian/.vscode/extensions/ms-python.vscode-pylance-2023.12.1/dist/extension.bundle.js:1:152918)
	at async ve.provideCompletionItems (/opt/visual-studio-code/resources/app/out/vs/workbench/api/node/extensionHostProcess.js:143:53055)
2024-01-27 09:29:35.778 [error] [ms-python.python] provider FAILED
2024-01-27 09:29:35.778 [error] TypeError: Cannot read properties of undefined (reading 'data')
	at /home/sebastian/.vscode/extensions/ms-python.vscode-pylance-2023.12.1/dist/extension.bundle.js:1:139734
	at _0x1be708 (/home/sebastian/.vscode/extensions/ms-python.vscode-pylance-2023.12.1/dist/extension.bundle.js:1:152918)
	at async ve.provideCompletionItems (/opt/visual-studio-code/resources/app/out/vs/workbench/api/node/extensionHostProcess.js:143:53055)
2024-01-27 09:29:58.562 [info] ExtensionService#_doActivateExtension vscode.debug-server-ready, startup: false, activationEvent: 'onDebugResolve'
2024-01-27 09:31:15.780 [info] Extension host terminating: renderer closed the MessagePort
2024-01-27 09:31:16.431 [error] Canceled: Canceled
	at new g (/opt/visual-studio-code/resources/app/out/vs/workbench/api/node/extensionHostProcess.js:141:110274)
	at l.U (/opt/visual-studio-code/resources/app/out/vs/workbench/api/node/extensionHostProcess.js:150:10866)
	at P.<computed>.j.charCodeAt.P.<computed> (/opt/visual-studio-code/resources/app/out/vs/workbench/api/node/extensionHostProcess.js:150:8317)
	at d.g (/opt/visual-studio-code/resources/app/out/vs/workbench/api/node/extensionHostProcess.js:141:139555)
	at d.executeCommand (/opt/visual-studio-code/resources/app/out/vs/workbench/api/node/extensionHostProcess.js:141:138993)
	at p.registerCommand.description (/opt/visual-studio-code/resources/app/out/vs/workbench/api/node/extensionHostProcess.js:141:138317)
	at d.h (/opt/visual-studio-code/resources/app/out/vs/workbench/api/node/extensionHostProcess.js:141:140094)
	at d.g (/opt/visual-studio-code/resources/app/out/vs/workbench/api/node/extensionHostProcess.js:141:139086)
	at d.executeCommand (/opt/visual-studio-code/resources/app/out/vs/workbench/api/node/extensionHostProcess.js:141:138993)
	at Object.executeCommand (/opt/visual-studio-code/resources/app/out/vs/workbench/api/node/extensionHostProcess.js:158:21333)
	at yv.executeCommand (/home/sebastian/.vscode/extensions/ms-toolsai.jupyter-2023.11.1100101639-linux-x64/dist/extension.node.js:192:6147)
	at nr.set (/home/sebastian/.vscode/extensions/ms-toolsai.jupyter-2023.11.1100101639-linux-x64/dist/extension.node.js:265:138300)
	at pI.updateContextOfActiveNotebookKernel (/home/sebastian/.vscode/extensions/ms-toolsai.jupyter-2023.11.1100101639-linux-x64/dist/extension.node.js:335:12283)
	at pI.onDidKernelStatusChange (/home/sebastian/.vscode/extensions/ms-toolsai.jupyter-2023.11.1100101639-linux-x64/dist/extension.node.js:335:13887)
	at n.y (/opt/visual-studio-code/resources/app/out/vs/workbench/api/node/extensionHostProcess.js:80:1902)
	at n.z (/opt/visual-studio-code/resources/app/out/vs/workbench/api/node/extensionHostProcess.js:80:1972)
	at n.fire (/opt/visual-studio-code/resources/app/out/vs/workbench/api/node/extensionHostProcess.js:80:2188)
	at by.<anonymous> (/home/sebastian/.vscode/extensions/ms-toolsai.jupyter-2023.11.1100101639-linux-x64/dist/extension.node.js:251:2465)
	at n.y (/opt/visual-studio-code/resources/app/out/vs/workbench/api/node/extensionHostProcess.js:80:1902)
	at n.z (/opt/visual-studio-code/resources/app/out/vs/workbench/api/node/extensionHostProcess.js:80:1972)
	at n.fire (/opt/visual-studio-code/resources/app/out/vs/workbench/api/node/extensionHostProcess.js:80:2188)
	at e (/home/sebastian/.vscode/extensions/ms-toolsai.jupyter-2023.11.1100101639-linux-x64/dist/extension.node.js:235:68332)
	at xT.dispose (/home/sebastian/.vscode/extensions/ms-toolsai.jupyter-2023.11.1100101639-linux-x64/dist/extension.node.js:235:68455)
	at /home/sebastian/.vscode/extensions/ms-toolsai.jupyter-2023.11.1100101639-linux-x64/dist/extension.node.js:144:2802
	at Array.map (<anonymous>)
	at fg.dispose (/home/sebastian/.vscode/extensions/ms-toolsai.jupyter-2023.11.1100101639-linux-x64/dist/extension.node.js:144:2793)
	at Object.Yye (/home/sebastian/.vscode/extensions/ms-toolsai.jupyter-2023.11.1100101639-linux-x64/dist/extension.node.js:357:14393)
	at Object.y (/home/sebastian/.vscode/extensions/ms-toolsai.jupyter-2023.11.1100101639-linux-x64/dist/extension.node.proxy.js:1:955)
	at f.cb (/opt/visual-studio-code/resources/app/out/vs/workbench/api/node/extensionHostProcess.js:154:9678)
	at /opt/visual-studio-code/resources/app/out/vs/workbench/api/node/extensionHostProcess.js:154:7808
	at Array.map (<anonymous>)
	at f.Y (/opt/visual-studio-code/resources/app/out/vs/workbench/api/node/extensionHostProcess.js:154:7795)
	at f.terminate (/opt/visual-studio-code/resources/app/out/vs/workbench/api/node/extensionHostProcess.js:154:8068)
	at s.terminate (/opt/visual-studio-code/resources/app/out/vs/workbench/api/node/extensionHostProcess.js:158:1513)
	at a (/opt/visual-studio-code/resources/app/out/vs/workbench/api/node/extensionHostProcess.js:171:9802)
	at MessagePortMain.<anonymous> (/opt/visual-studio-code/resources/app/out/vs/workbench/api/node/extensionHostProcess.js:171:6227)
	at MessagePortMain.emit (node:events:513:28)
	at MessagePortMain._internalPort.emit (node:electron/js2c/utility_init:2:367) setContext undefined
2024-01-27 09:31:16.598 [info] Extension host with pid 341180 exiting with code 0
