2024-01-27 09:26:33.016 [info] Started initializing default profile extensions in extensions installation folder. file:///home/sebastian/.vscode/extensions
2024-01-27 09:26:33.375 [warning] Failed to create default profile extensions manifest in extensions installation folder. file:///home/sebastian/.vscode/extensions Unable to create file 'vscode-userdata:/home/sebastian/.vscode/extensions/extensions.json' that already exists when overwrite flag is not set
2024-01-27 09:26:33.376 [info] Completed initializing default profile extensions in extensions installation folder. file:///home/sebastian/.vscode/extensions
2024-01-27 09:27:33.497 [info] Getting Manifest... minusgix.admonition-markdown-syntax
2024-01-27 09:27:33.523 [info] Installing extension: minusgix.admonition-markdown-syntax
2024-01-27 09:27:35.890 [warning] Extension signature verification failed with error 'UnknownError': minusgix.admonition-markdown-syntax
2024-01-27 09:27:35.954 [info] Extracted extension to file:///home/sebastian/.vscode/extensions/minusgix.admonition-markdown-syntax-0.0.3: minusgix.admonition-markdown-syntax
2024-01-27 09:27:35.992 [info] Renamed to /home/sebastian/.vscode/extensions/minusgix.admonition-markdown-syntax-0.0.3
2024-01-27 09:27:35.998 [info] Extracting extension completed. minusgix.admonition-markdown-syntax
2024-01-27 09:27:36.036 [info] Extension installed successfully: minusgix.admonition-markdown-syntax
2024-01-27 09:27:36.117 [error] [uncaught exception in sharedProcess]: Error: ENOENT: no such file or directory, stat '/home/sebastian/.vscode/extensions/extensions.json.vsctmp': EntryNotFound (FileSystemError): Error: ENOENT: no such file or directory, stat '/home/sebastian/.vscode/extensions/extensions.json.vsctmp'
    at r.create (/opt/visual-studio-code/resources/app/out/vs/code/node/sharedProcess/sharedProcessMain.js:51:30056)
    at a (/opt/visual-studio-code/resources/app/out/vs/code/node/sharedProcess/sharedProcessMain.js:51:30170)
    at s.fb (/opt/visual-studio-code/resources/app/out/vs/code/node/sharedProcess/sharedProcessMain.js:56:36175)
    at s.stat (/opt/visual-studio-code/resources/app/out/vs/code/node/sharedProcess/sharedProcessMain.js:56:28621)
    at async E.stat (/opt/visual-studio-code/resources/app/out/vs/code/node/sharedProcess/sharedProcessMain.js:56:15732)
    at async Y.tb (/opt/visual-studio-code/resources/app/out/vs/code/node/sharedProcess/sharedProcessMain.js:100:111319)
2024-01-27 09:27:53.894 [info] Getting Manifest... ms-toolsai.jupyter
2024-01-27 09:27:53.899 [info] Getting Manifest... ms-python.python
2024-01-27 09:27:53.922 [info] Installing extension: ms-toolsai.jupyter
2024-01-27 09:27:53.931 [info] Installing extension: ms-python.python
2024-01-27 09:27:55.047 [info] Getting Manifest... ms-toolsai.jupyter-keymap
2024-01-27 09:27:55.079 [info] Getting Manifest... ms-toolsai.jupyter-renderers
2024-01-27 09:27:55.102 [info] Getting Manifest... ms-toolsai.vscode-jupyter-cell-tags
2024-01-27 09:27:55.132 [info] Getting Manifest... ms-toolsai.vscode-jupyter-slideshow
2024-01-27 09:27:55.297 [info] Installing extension: ms-toolsai.jupyter-keymap ms-toolsai.jupyter
2024-01-27 09:27:55.298 [info] Installing extension: ms-toolsai.jupyter-renderers ms-toolsai.jupyter
2024-01-27 09:27:55.298 [info] Installing extension: ms-toolsai.vscode-jupyter-cell-tags ms-toolsai.jupyter
2024-01-27 09:27:55.299 [info] Installing extension: ms-toolsai.vscode-jupyter-slideshow ms-toolsai.jupyter
2024-01-27 09:27:55.386 [info] Getting Manifest... ms-python.vscode-pylance
2024-01-27 09:27:55.917 [info] Installing extension: ms-python.vscode-pylance ms-python.python
2024-01-27 09:27:57.260 [warning] Extension signature verification failed with error 'UnknownError': ms-toolsai.jupyter-keymap
2024-01-27 09:27:57.286 [warning] Extension signature verification failed with error 'UnknownError': ms-toolsai.vscode-jupyter-cell-tags
2024-01-27 09:27:57.303 [warning] Extension signature verification failed with error 'UnknownError': ms-toolsai.vscode-jupyter-slideshow
2024-01-27 09:27:57.373 [info] Extracted extension to file:///home/sebastian/.vscode/extensions/ms-toolsai.jupyter-keymap-1.1.2: ms-toolsai.jupyter-keymap
2024-01-27 09:27:57.422 [info] Renamed to /home/sebastian/.vscode/extensions/ms-toolsai.jupyter-keymap-1.1.2
2024-01-27 09:27:57.432 [info] Extracting extension completed. ms-toolsai.jupyter-keymap
2024-01-27 09:27:57.470 [info] Extracted extension to file:///home/sebastian/.vscode/extensions/ms-toolsai.vscode-jupyter-slideshow-0.1.5: ms-toolsai.vscode-jupyter-slideshow
2024-01-27 09:27:57.482 [info] Extracted extension to file:///home/sebastian/.vscode/extensions/ms-toolsai.vscode-jupyter-cell-tags-0.1.8: ms-toolsai.vscode-jupyter-cell-tags
2024-01-27 09:27:57.531 [info] Renamed to /home/sebastian/.vscode/extensions/ms-toolsai.vscode-jupyter-cell-tags-0.1.8
2024-01-27 09:27:57.531 [info] Renamed to /home/sebastian/.vscode/extensions/ms-toolsai.vscode-jupyter-slideshow-0.1.5
2024-01-27 09:27:57.537 [info] Extracting extension completed. ms-toolsai.vscode-jupyter-cell-tags
2024-01-27 09:27:57.540 [info] Extracting extension completed. ms-toolsai.vscode-jupyter-slideshow
2024-01-27 09:27:57.858 [warning] Extension signature verification failed with error 'UnknownError': ms-toolsai.jupyter-renderers
2024-01-27 09:27:58.567 [warning] Extension signature verification failed with error 'UnknownError': ms-python.python
2024-01-27 09:27:58.740 [info] Extracted extension to file:///home/sebastian/.vscode/extensions/ms-toolsai.jupyter-renderers-1.0.17: ms-toolsai.jupyter-renderers
2024-01-27 09:27:58.764 [info] Renamed to /home/sebastian/.vscode/extensions/ms-toolsai.jupyter-renderers-1.0.17
2024-01-27 09:27:58.769 [info] Extracting extension completed. ms-toolsai.jupyter-renderers
2024-01-27 09:27:58.930 [error] [uncaught exception in sharedProcess]: Error: ENOENT: no such file or directory, stat '/home/sebastian/.vscode/extensions/extensions.json.vsctmp': EntryNotFound (FileSystemError): Error: ENOENT: no such file or directory, stat '/home/sebastian/.vscode/extensions/extensions.json.vsctmp'
    at r.create (/opt/visual-studio-code/resources/app/out/vs/code/node/sharedProcess/sharedProcessMain.js:51:30056)
    at a (/opt/visual-studio-code/resources/app/out/vs/code/node/sharedProcess/sharedProcessMain.js:51:30170)
    at s.fb (/opt/visual-studio-code/resources/app/out/vs/code/node/sharedProcess/sharedProcessMain.js:56:36175)
    at s.stat (/opt/visual-studio-code/resources/app/out/vs/code/node/sharedProcess/sharedProcessMain.js:56:28621)
    at async E.stat (/opt/visual-studio-code/resources/app/out/vs/code/node/sharedProcess/sharedProcessMain.js:56:15732)
    at async Y.tb (/opt/visual-studio-code/resources/app/out/vs/code/node/sharedProcess/sharedProcessMain.js:100:111319)
2024-01-27 09:28:00.117 [warning] Extension signature verification failed with error 'UnknownError': ms-toolsai.jupyter
2024-01-27 09:28:01.597 [info] Extracted extension to file:///home/sebastian/.vscode/extensions/ms-toolsai.jupyter-2023.11.1100101639-linux-x64: ms-toolsai.jupyter
2024-01-27 09:28:01.621 [info] Renamed to /home/sebastian/.vscode/extensions/ms-toolsai.jupyter-2023.11.1100101639-linux-x64
2024-01-27 09:28:01.647 [info] Extracting extension completed. ms-toolsai.jupyter
2024-01-27 09:28:01.715 [info] Extension installed successfully: ms-toolsai.jupyter-keymap
2024-01-27 09:28:01.715 [info] Extension installed successfully: ms-toolsai.vscode-jupyter-cell-tags
2024-01-27 09:28:01.715 [info] Extension installed successfully: ms-toolsai.vscode-jupyter-slideshow
2024-01-27 09:28:01.716 [info] Extension installed successfully: ms-toolsai.jupyter-renderers
2024-01-27 09:28:01.716 [info] Extension installed successfully: ms-toolsai.jupyter
2024-01-27 09:28:01.763 [error] [uncaught exception in sharedProcess]: Error: ENOENT: no such file or directory, stat '/home/sebastian/.vscode/extensions/extensions.json.vsctmp': EntryNotFound (FileSystemError): Error: ENOENT: no such file or directory, stat '/home/sebastian/.vscode/extensions/extensions.json.vsctmp'
    at r.create (/opt/visual-studio-code/resources/app/out/vs/code/node/sharedProcess/sharedProcessMain.js:51:30056)
    at a (/opt/visual-studio-code/resources/app/out/vs/code/node/sharedProcess/sharedProcessMain.js:51:30170)
    at s.fb (/opt/visual-studio-code/resources/app/out/vs/code/node/sharedProcess/sharedProcessMain.js:56:36175)
    at s.stat (/opt/visual-studio-code/resources/app/out/vs/code/node/sharedProcess/sharedProcessMain.js:56:28621)
    at async E.stat (/opt/visual-studio-code/resources/app/out/vs/code/node/sharedProcess/sharedProcessMain.js:56:15732)
    at async Y.tb (/opt/visual-studio-code/resources/app/out/vs/code/node/sharedProcess/sharedProcessMain.js:100:111319)
2024-01-27 09:28:05.207 [info] Extracted extension to file:///home/sebastian/.vscode/extensions/ms-python.python-2023.22.1: ms-python.python
2024-01-27 09:28:05.209 [info] Renamed to /home/sebastian/.vscode/extensions/ms-python.python-2023.22.1
2024-01-27 09:28:05.209 [info] Extracting extension completed. ms-python.python
2024-01-27 09:28:05.349 [error] [uncaught exception in sharedProcess]: Error: ENOENT: no such file or directory, stat '/home/sebastian/.vscode/extensions/extensions.json.vsctmp': EntryNotFound (FileSystemError): Error: ENOENT: no such file or directory, stat '/home/sebastian/.vscode/extensions/extensions.json.vsctmp'
    at r.create (/opt/visual-studio-code/resources/app/out/vs/code/node/sharedProcess/sharedProcessMain.js:51:30056)
    at a (/opt/visual-studio-code/resources/app/out/vs/code/node/sharedProcess/sharedProcessMain.js:51:30170)
    at s.fb (/opt/visual-studio-code/resources/app/out/vs/code/node/sharedProcess/sharedProcessMain.js:56:36175)
    at s.stat (/opt/visual-studio-code/resources/app/out/vs/code/node/sharedProcess/sharedProcessMain.js:56:28621)
    at async E.stat (/opt/visual-studio-code/resources/app/out/vs/code/node/sharedProcess/sharedProcessMain.js:56:15732)
    at async Y.tb (/opt/visual-studio-code/resources/app/out/vs/code/node/sharedProcess/sharedProcessMain.js:100:111319)
2024-01-27 09:28:07.127 [warning] Extension signature verification failed with error 'UnknownError': ms-python.vscode-pylance
2024-01-27 09:28:13.342 [info] Extracted extension to file:///home/sebastian/.vscode/extensions/ms-python.vscode-pylance-2023.12.1: ms-python.vscode-pylance
2024-01-27 09:28:13.369 [info] Renamed to /home/sebastian/.vscode/extensions/ms-python.vscode-pylance-2023.12.1
2024-01-27 09:28:13.380 [info] Extracting extension completed. ms-python.vscode-pylance
2024-01-27 09:28:13.649 [info] Extension installed successfully: ms-python.python
2024-01-27 09:28:13.649 [info] Extension installed successfully: ms-python.vscode-pylance
